<?xml version="1.0" encoding="UTF-8"?>
<testng-results ignored="0" total="1" passed="1" failed="0" skipped="0">
  <reporter-output>
  </reporter-output>
  <suite started-at="2022-10-28T23:12:36 IST" name="Default suite" finished-at="2022-10-28T23:14:09 IST" duration-ms="93796">
    <groups>
    </groups>
    <test started-at="2022-10-28T23:12:36 IST" name="Default test" finished-at="2022-10-28T23:14:09 IST" duration-ms="93796">
      <class name="Test.LoginPageTest">
        <test-method is-config="true" signature="triggerDriver()[pri:0, instance:Test.LoginPageTest@593e824f]" started-at="2022-10-28T23:12:36 IST" name="triggerDriver" finished-at="2022-10-28T23:12:39 IST" duration-ms="2893" status="PASS">
          <reporter-output>
          </reporter-output>
        </test-method> <!-- triggerDriver -->
        <test-method signature="ConfigDataTest()[pri:1, instance:Test.LoginPageTest@593e824f]" started-at="2022-10-28T23:12:39 IST" name="ConfigDataTest" finished-at="2022-10-28T23:14:09 IST" duration-ms="90335" status="PASS">
          <reporter-output>
          </reporter-output>
        </test-method> <!-- ConfigDataTest -->
        <test-method is-config="true" signature="terminateDriver()[pri:0, instance:Test.LoginPageTest@593e824f]" started-at="2022-10-28T23:14:09 IST" name="terminateDriver" finished-at="2022-10-28T23:14:09 IST" duration-ms="483" status="PASS">
          <reporter-output>
          </reporter-output>
        </test-method> <!-- terminateDriver -->
      </class> <!-- Test.LoginPageTest -->
    </test> <!-- Default test -->
  </suite> <!-- Default suite -->
</testng-results>
